<?xml version="1.0" encoding="UTF-8"?>
<!-- Generated by org.testng.reporters.JUnitReportReporter -->
<testsuite hostname="ATMECSINDT-029" name="com.google.page.test.LoginTest" tests="1" failures="0" timestamp="20 Feb 2015 07:09:55 GMT" time="3.833" errors="0">
  <testcase name="loginTest" time="3.833" classname="com.google.page.test.LoginTest"/>
</testsuite> <!-- com.google.page.test.LoginTest -->
